\BOOKMARK [0][-]{chapter.1}{\376\377\000I\000n\000t\000r\000o\000d\000u\000c\000t\000i\000o\000n}{}% 1
\BOOKMARK [1][-]{section.1.1}{\376\377\000P\000D\000N\000\040\000E\000x\000a\000m\000p\000l\000e}{chapter.1}% 2
\BOOKMARK [1][-]{section.1.2}{\376\377\000R\000e\000a\000d\000i\000n\000g\000\040\000a\000n\000d\000\040\000w\000r\000i\000t\000i\000n\000g}{chapter.1}% 3
\BOOKMARK [1][-]{section.1.3}{\376\377\000A\000c\000k\000n\000o\000w\000l\000e\000d\000g\000e\000m\000e\000n\000t\000s}{chapter.1}% 4
\BOOKMARK [1][-]{section.1.4}{\376\377\000R\000e\000f\000e\000r\000e\000n\000c\000e\000s}{chapter.1}% 5
\BOOKMARK [0][-]{chapter.2}{\376\377\000C\000h\000a\000r\000a\000c\000t\000e\000r\000\040\000e\000n\000c\000o\000d\000i\000n\000g}{}% 6
\BOOKMARK [0][-]{chapter.3}{\376\377\000P\000D\000N\000\040\000T\000a\000g\000s}{}% 7
\BOOKMARK [1][-]{section.3.1}{\376\377\040\030\000M\000a\000n\000d\000a\000t\000o\000r\000y\040\031\000\040\000t\000a\000g\000s}{chapter.3}% 8
\BOOKMARK [1][-]{section.3.2}{\376\377\000R\000e\000s\000u\000l\000t\000\040\000t\000a\000g}{chapter.3}% 9
\BOOKMARK [1][-]{section.3.3}{\376\377\000P\000l\000a\000y\000e\000r\000\040\000r\000e\000l\000a\000t\000e\000d\000\040\000t\000a\000g\000s}{chapter.3}% 10
\BOOKMARK [1][-]{section.3.4}{\376\377\000E\000v\000e\000n\000t\000\040\000r\000e\000l\000a\000t\000e\000d\000\040\000t\000a\000g\000s}{chapter.3}% 11
\BOOKMARK [1][-]{section.3.5}{\376\377\000G\000a\000m\000e\000\040\000r\000e\000l\000a\000t\000e\000d\000\040\000t\000a\000g\000s}{chapter.3}% 12
\BOOKMARK [1][-]{section.3.6}{\376\377\000C\000l\000o\000c\000k\000\040\000r\000e\000l\000a\000t\000e\000d\000\040\000t\000a\000g\000s}{chapter.3}% 13
\BOOKMARK [1][-]{section.3.7}{\376\377\000T\000i\000m\000e\000\040\000a\000n\000d\000\040\000d\000a\000t\000e\000\040\000t\000a\000g\000s}{chapter.3}% 14
\BOOKMARK [1][-]{section.3.8}{\376\377\000M\000i\000s\000c\000e\000l\000l\000a\000n\000e\000o\000u\000s\000\040\000t\000a\000g\000s}{chapter.3}% 15
\BOOKMARK [1][-]{section.3.9}{\376\377\000P\000r\000o\000b\000l\000e\000m\000i\000s\000m\000\040\000r\000e\000l\000a\000t\000e\000d\000\040\000t\000a\000g\000s}{chapter.3}% 16
\BOOKMARK [2][-]{subsection.3.9.1}{\376\377\000D\000e\000t\000a\000i\000l\000s\000\040\000a\000n\000d\000\040\000E\000x\000a\000m\000p\000l\000e\000s}{section.3.9}% 17
\BOOKMARK [0][-]{chapter.4}{\376\377\000P\000D\000N\000\040\000G\000r\000a\000m\000m\000a\000r\000s}{}% 18
\BOOKMARK [1][-]{section.4.1}{\376\377\000P\000D\000N\000\040\0003\000.\0000\000\040\000G\000r\000a\000m\000m\000a\000r}{chapter.4}% 19
\BOOKMARK [1][-]{section.4.2}{\376\377\000P\000D\000N\000\040\0003\000.\0000\000\040\000R\000e\000s\000t\000r\000i\000c\000t\000i\000o\000n\000s}{chapter.4}% 20
\BOOKMARK [1][-]{section.4.3}{\376\377\000E\000x\000p\000l\000a\000n\000a\000t\000i\000o\000n}{chapter.4}% 21
\BOOKMARK [1][-]{section.4.4}{\376\377\000P\000D\000N\000\040\000R\000e\000a\000d\000i\000n\000g\000\040\000G\000r\000a\000m\000m\000a\000r}{chapter.4}% 22
\BOOKMARK [0][-]{chapter.5}{\376\377\000P\000D\000N\000\040\000E\000x\000t\000e\000n\000s\000i\000o\000n\000s}{}% 23
\BOOKMARK [1][-]{section.5.1}{\376\377\000E\000m\000b\000e\000d\000d\000e\000d\000\040\000c\000o\000m\000m\000a\000n\000d\000s}{chapter.5}% 24
\BOOKMARK [2][-]{subsection.5.1.1}{\376\377\000c\000l\000k\000,\000\040\000m\000c\000t\000,\000\040\000e\000g\000t\000\040\000a\000n\000d\000\040\000e\000m\000t\000\040\000c\000o\000m\000m\000a\000n\000d}{section.5.1}% 25
\BOOKMARK [2][-]{subsection.5.1.2}{\376\377\000c\000l\000o\000c\000k\000\040\000c\000o\000m\000m\000a\000n\000d}{section.5.1}% 26
\BOOKMARK [1][-]{section.5.2}{\376\377\000S\000e\000t\000u\000p\000\040\000c\000o\000m\000m\000a\000n\000d\000s}{chapter.5}% 27
\BOOKMARK [0][-]{chapter.6}{\376\377\000P\000D\000N\000\040\0003\000.\0001\000\040\000P\000r\000o\000p\000o\000s\000a\000l\000s}{}% 28
\BOOKMARK [1][-]{section.6.1}{\376\377\000A\000l\000t\000e\000r\000n\000a\000t\000i\000v\000e\000\040\000m\000o\000v\000e\000\040\000d\000i\000s\000a\000m\000b\000i\000g\000u\000a\000t\000i\000o\000n}{chapter.6}% 29
\BOOKMARK [0][-]{chapter.7}{\376\377\000P\000D\000N\000\040\000I\000m\000p\000l\000e\000m\000e\000n\000t\000a\000t\000i\000o\000n}{}% 30
\BOOKMARK [1][-]{section.7.1}{\376\377\000D\000P\000a\000r\000s\000e\000r}{chapter.7}% 31
\BOOKMARK [1][-]{section.7.2}{\376\377\000G\000r\000a\000m\000m\000a\000t\000i\000c\000a}{chapter.7}% 32
\BOOKMARK [1][-]{section.7.3}{\376\377\000T\000o\000y\000\040\000P\000a\000r\000s\000e\000r\000\040\000G\000e\000n\000e\000r\000a\000t\000o\000r}{chapter.7}% 33
\BOOKMARK [1][-]{section.7.4}{\376\377\000T\000e\000s\000t\000\040\000f\000i\000l\000e\000s}{chapter.7}% 34
\BOOKMARK [0][-]{chapter.8}{\376\377\000P\000D\000N\000\040\000E\000x\000a\000m\000p\000l\000e\000s}{}% 35
\BOOKMARK [0][-]{chapter.9}{\376\377\000P\000D\000N\000\040\000p\000a\000r\000s\000i\000n\000g\000\040\000i\000s\000s\000u\000e\000s}{}% 36
\BOOKMARK [1][-]{section.9.1}{\376\377\000G\000a\000m\000e\000\040\000S\000e\000p\000a\000r\000a\000t\000o\000r\000\040\000\050\0001\000\051}{chapter.9}% 37
\BOOKMARK [1][-]{section.9.2}{\376\377\000G\000a\000m\000e\000\040\000S\000e\000p\000a\000r\000a\000t\000o\000r\000\040\000\050\0002\000\051}{chapter.9}% 38
\BOOKMARK [1][-]{section.9.3}{\376\377\000C\000a\000p\000t\000u\000r\000e\000\040\000S\000e\000p\000a\000r\000a\000t\000o\000r}{chapter.9}% 39
\BOOKMARK [1][-]{section.9.4}{\376\377\000M\000o\000v\000e\000\040\000t\000o\000k\000e\000n}{chapter.9}% 40
\BOOKMARK [1][-]{section.9.5}{\376\377\000M\000o\000v\000e\000\040\000s\000t\000r\000e\000n\000g\000t\000h}{chapter.9}% 41
\BOOKMARK [0][-]{chapter.10}{\376\377\000F\000E\000N\000\040\000t\000a\000g}{}% 42
\BOOKMARK [1][-]{section.10.1}{\376\377\000R\000e\000s\000t\000r\000i\000c\000t\000i\000o\000n\000s}{chapter.10}% 43
\BOOKMARK [1][-]{section.10.2}{\376\377\000E\000x\000a\000m\000p\000l\000e\000s}{chapter.10}% 44
\BOOKMARK [1][-]{section.10.3}{\376\377\000E\000x\000t\000e\000n\000s\000i\000o\000n\000s}{chapter.10}% 45
\BOOKMARK [0][-]{chapter.11}{\376\377\000G\000a\000m\000e\000T\000y\000p\000e\000\040\000t\000a\000g}{}% 46
\BOOKMARK [1][-]{section.11.1}{\376\377\000E\000x\000a\000m\000p\000l\000e\000s}{chapter.11}% 47
\BOOKMARK [0][-]{chapter.12}{\376\377\000C\000h\000a\000n\000g\000e\000l\000o\000g}{}% 48
\BOOKMARK [0][-]{chapter*.3}{\376\377\000B\000i\000b\000l\000i\000o\000g\000r\000a\000p\000h\000y}{}% 49
